<?xml version="1.0" encoding="UTF-8"?>
<!-- Generated by org.testng.reporters.JUnitReportReporter -->
<testsuite hostname="lenovo-PC" name="excel.HandlingTooltips" tests="1" failures="0" timestamp="29 May 2020 02:46:25 GMT" time="17.158" errors="0">
  <testcase name="tooltip" time="17.158" classname="excel.HandlingTooltips"/>
</testsuite> <!-- excel.HandlingTooltips -->
