<?xml version="1.0" encoding="UTF-8"?>
<!-- Generated by org.testng.reporters.JUnitReportReporter -->
<testsuite hostname="lenovo-PC" name="excel.ReadData" tests="1" failures="0" timestamp="4 Jun 2020 14:21:30 GMT" time="1.269" errors="0">
  <testcase name="readData" time="1.269" classname="excel.ReadData"/>
</testsuite> <!-- excel.ReadData -->
